GROUP,PACKAGE,CLASS,INSTRUCTION_MISSED,INSTRUCTION_COVERED,BRANCH_MISSED,BRANCH_COVERED,LINE_MISSED,LINE_COVERED,COMPLEXITY_MISSED,COMPLEXITY_COVERED,METHOD_MISSED,METHOD_COVERED
transaction-service,com.hoardrun.transaction.config,SecurityConfig,0,78,0,0,0,14,0,7,0,7
transaction-service,com.hoardrun.transaction.config,JwtConfig,0,15,0,0,0,3,0,2,0,2
transaction-service,com.hoardrun.transaction,TransactionServiceApplication,5,3,0,0,2,1,1,1,1,1
transaction-service,com.hoardrun.transaction.web,TransactionController,0,55,0,4,0,10,0,5,0,3
transaction-service,com.hoardrun.transaction.web,TransactionController.TxRequest,0,6,0,0,0,1,0,1,0,1
